Arguments: 
  /home/gal/miniconda3/bin/node /home/gal/miniconda3/bin/yarn install

PATH: 
  /home/gal/miniconda3/bin:/home/gal/miniconda3/condabin:~/.soft:/usr/local/sbin:/usr/local/bin:/usr/sbin:/usr/bin:/sbin:/bin:/snap/bin

Yarn version: 
  1.22.4

Node version: 
  14.5.0

Platform: 
  linux x64

Trace: 
  SyntaxError: /home/gal/Desktop/projects/react_learn_daily/color_practise-10_06/package.json: Unexpected token } in JSON at position 250
      at JSON.parse (<anonymous>)
      at /home/gal/miniconda3/lib/node_modules/yarn/lib/cli.js:1625:59
      at Generator.next (<anonymous>)
      at step (/home/gal/miniconda3/lib/node_modules/yarn/lib/cli.js:310:30)
      at /home/gal/miniconda3/lib/node_modules/yarn/lib/cli.js:321:13

npm manifest: 
  {
    "name": "road_to_react",
    "version": "0.1.0",
    "private": true,
    "dependencies": {
      "emotion": "10.0.27",
      "react": "16.12.0",
      "react-dom": "16.12.0",
      "react-icons": "3.10.0",
      "react-scripts": "3.0.1",
      "uuid": "8.1.0",
    },
    "scripts": {
      "start": "react-scripts start",
      "build": "react-scripts build",
      "test": "react-scripts test",
      "eject": "react-scripts eject"
    },
    "eslintConfig": {
      "extends": "react-app"
    },
    "browserslist": {
      "production": [
        ">0.2%",
        "not dead",
        "not op_mini all"
      ],
      "development": [
        "last 1 chrome version",
        "last 1 firefox version",
        "last 1 safari version"
      ]
    }
  }

yarn manifest: 
  No manifest

Lockfile: 
  No lockfile
